C:\Program Files\Microsoft Visual Studio\2022\Community\MSBuild\Microsoft\VC\v170\Microsoft.CppBuild.targets(531,5): warning MSB8028: The intermediate directory (x64\Debug\) contains files shared from another project (Big_pro.vcxproj, Big_project.vcxproj).  This can lead to incorrect clean and rebuild behavior.
  BaseObject.cpp
D:\DuongGame\SDL_Game\CommonFunc.h(68,2): warning C4091: 'typedef ': ignored on left of 'Input' when no variable is declared
  (compiling source file 'BaseObject.cpp')
  
D:\DuongGame\SDL_Game\CommonFunc.h(83,2): warning C4091: 'typedef ': ignored on left of 'Map' when no variable is declared
  (compiling source file 'BaseObject.cpp')
  
  BulletObject.cpp
D:\DuongGame\SDL_Game\CommonFunc.h(68,2): warning C4091: 'typedef ': ignored on left of 'Input' when no variable is declared
  (compiling source file 'BulletObject.cpp')
  
D:\DuongGame\SDL_Game\CommonFunc.h(83,2): warning C4091: 'typedef ': ignored on left of 'Map' when no variable is declared
  (compiling source file 'BulletObject.cpp')
  
  CommonFunc.cpp
D:\DuongGame\SDL_Game\CommonFunc.h(68,2): warning C4091: 'typedef ': ignored on left of 'Input' when no variable is declared
  (compiling source file 'CommonFunc.cpp')
  
D:\DuongGame\SDL_Game\CommonFunc.h(83,2): warning C4091: 'typedef ': ignored on left of 'Map' when no variable is declared
  (compiling source file 'CommonFunc.cpp')
  
  ImpTimer.cpp
D:\DuongGame\SDL_Game\CommonFunc.h(68,2): warning C4091: 'typedef ': ignored on left of 'Input' when no variable is declared
  (compiling source file 'ImpTimer.cpp')
  
D:\DuongGame\SDL_Game\CommonFunc.h(83,2): warning C4091: 'typedef ': ignored on left of 'Map' when no variable is declared
  (compiling source file 'ImpTimer.cpp')
  
  MainObject.cpp
D:\DuongGame\SDL_Game\CommonFunc.h(68,2): warning C4091: 'typedef ': ignored on left of 'Input' when no variable is declared
  (compiling source file 'MainObject.cpp')
  
D:\DuongGame\SDL_Game\CommonFunc.h(83,2): warning C4091: 'typedef ': ignored on left of 'Map' when no variable is declared
  (compiling source file 'MainObject.cpp')
  
D:\DuongGame\SDL_Game\MainObject.h(61,12): warning C4244: '=': conversion from 'const int' to 'float', possible loss of data
  (compiling source file 'MainObject.cpp')
  
D:\DuongGame\SDL_Game\MainObject.h(62,12): warning C4244: '=': conversion from 'const int' to 'float', possible loss of data
  (compiling source file 'MainObject.cpp')
  
D:\DuongGame\SDL_Game\MainObject.h(65,44): warning C4244: '=': conversion from 'const int' to 'float', possible loss of data
  (compiling source file 'MainObject.cpp')
  
D:\DuongGame\SDL_Game\MainObject.h(67,46): warning C4244: '=': conversion from 'const int' to 'float', possible loss of data
  (compiling source file 'MainObject.cpp')
  
D:\DuongGame\SDL_Game\MainObject.h(68,26): warning C4244: 'return': conversion from 'float' to 'int', possible loss of data
  (compiling source file 'MainObject.cpp')
  
D:\DuongGame\SDL_Game\MainObject.h(69,25): warning C4244: 'return': conversion from 'float' to 'int', possible loss of data
  (compiling source file 'MainObject.cpp')
  
D:\DuongGame\SDL_Game\MainObject.cpp(95,20): warning C4244: '=': conversion from 'float' to 'int', possible loss of data
D:\DuongGame\SDL_Game\MainObject.cpp(96,20): warning C4244: '=': conversion from 'float' to 'int', possible loss of data
D:\DuongGame\SDL_Game\MainObject.cpp(546,16): warning C4305: '+=': truncation from 'double' to 'float'
D:\DuongGame\SDL_Game\MainObject.cpp(640,29): warning C4244: '=': conversion from 'float' to 'int', possible loss of data
D:\DuongGame\SDL_Game\MainObject.cpp(650,29): warning C4244: '=': conversion from 'float' to 'int', possible loss of data
D:\DuongGame\SDL_Game\MainObject.cpp(672,25): warning C4244: '=': conversion from 'float' to 'int', possible loss of data
D:\DuongGame\SDL_Game\MainObject.cpp(673,44): warning C4244: '=': conversion from 'float' to 'int', possible loss of data
D:\DuongGame\SDL_Game\MainObject.cpp(675,16): warning C4244: '=': conversion from 'float' to 'int', possible loss of data
D:\DuongGame\SDL_Game\MainObject.cpp(676,33): warning C4244: '=': conversion from 'float' to 'int', possible loss of data
D:\DuongGame\SDL_Game\MainObject.cpp(688,18): warning C4244: '=': conversion from 'int' to 'float', possible loss of data
D:\DuongGame\SDL_Game\MainObject.cpp(705,24): warning C4244: '=': conversion from 'int' to 'float', possible loss of data
D:\DuongGame\SDL_Game\MainObject.cpp(724,16): warning C4244: '=': conversion from 'float' to 'int', possible loss of data
D:\DuongGame\SDL_Game\MainObject.cpp(725,28): warning C4244: '=': conversion from 'float' to 'int', possible loss of data
D:\DuongGame\SDL_Game\MainObject.cpp(727,25): warning C4244: '=': conversion from 'float' to 'int', possible loss of data
D:\DuongGame\SDL_Game\MainObject.cpp(728,45): warning C4244: '=': conversion from 'float' to 'int', possible loss of data
D:\DuongGame\SDL_Game\MainObject.cpp(740,18): warning C4244: '=': conversion from 'int' to 'float', possible loss of data
D:\DuongGame\SDL_Game\MainObject.cpp(761,24): warning C4244: '=': conversion from 'int' to 'float', possible loss of data
D:\DuongGame\SDL_Game\MainObject.cpp(778,43): warning C4244: '=': conversion from 'int' to 'float', possible loss of data
  Music.cpp
D:\DuongGame\SDL_Game\CommonFunc.h(68,2): warning C4091: 'typedef ': ignored on left of 'Input' when no variable is declared
  (compiling source file 'Music.cpp')
  
D:\DuongGame\SDL_Game\CommonFunc.h(83,2): warning C4091: 'typedef ': ignored on left of 'Map' when no variable is declared
  (compiling source file 'Music.cpp')
  
  Player2.cpp
D:\DuongGame\SDL_Game\CommonFunc.h(68,2): warning C4091: 'typedef ': ignored on left of 'Input' when no variable is declared
  (compiling source file 'Player2.cpp')
  
D:\DuongGame\SDL_Game\CommonFunc.h(83,2): warning C4091: 'typedef ': ignored on left of 'Map' when no variable is declared
  (compiling source file 'Player2.cpp')
  
D:\DuongGame\SDL_Game\Player2.h(61,12): warning C4244: '=': conversion from 'const int' to 'float', possible loss of data
  (compiling source file 'Player2.cpp')
  
D:\DuongGame\SDL_Game\Player2.h(62,12): warning C4244: '=': conversion from 'const int' to 'float', possible loss of data
  (compiling source file 'Player2.cpp')
  
D:\DuongGame\SDL_Game\Player2.h(65,44): warning C4244: '=': conversion from 'const int' to 'float', possible loss of data
  (compiling source file 'Player2.cpp')
  
D:\DuongGame\SDL_Game\Player2.h(67,45): warning C4244: '=': conversion from 'const int' to 'float', possible loss of data
  (compiling source file 'Player2.cpp')
  
D:\DuongGame\SDL_Game\Player2.h(68,26): warning C4244: 'return': conversion from 'float' to 'int', possible loss of data
  (compiling source file 'Player2.cpp')
  
D:\DuongGame\SDL_Game\Player2.h(69,25): warning C4244: 'return': conversion from 'float' to 'int', possible loss of data
  (compiling source file 'Player2.cpp')
  
D:\DuongGame\SDL_Game\Player2.cpp(96,19): warning C4244: '=': conversion from 'float' to 'int', possible loss of data
D:\DuongGame\SDL_Game\Player2.cpp(97,19): warning C4244: '=': conversion from 'float' to 'int', possible loss of data
D:\DuongGame\SDL_Game\Player2.cpp(320,15): warning C4305: '+=': truncation from 'double' to 'float'
D:\DuongGame\SDL_Game\Player2.cpp(423,25): warning C4244: '=': conversion from 'float' to 'int', possible loss of data
D:\DuongGame\SDL_Game\Player2.cpp(424,44): warning C4244: '=': conversion from 'float' to 'int', possible loss of data
D:\DuongGame\SDL_Game\Player2.cpp(426,16): warning C4244: '=': conversion from 'float' to 'int', possible loss of data
D:\DuongGame\SDL_Game\Player2.cpp(427,33): warning C4244: '=': conversion from 'float' to 'int', possible loss of data
D:\DuongGame\SDL_Game\Player2.cpp(439,17): warning C4244: '=': conversion from 'int' to 'float', possible loss of data
D:\DuongGame\SDL_Game\Player2.cpp(456,23): warning C4244: '=': conversion from 'int' to 'float', possible loss of data
D:\DuongGame\SDL_Game\Player2.cpp(475,16): warning C4244: '=': conversion from 'float' to 'int', possible loss of data
D:\DuongGame\SDL_Game\Player2.cpp(476,28): warning C4244: '=': conversion from 'float' to 'int', possible loss of data
D:\DuongGame\SDL_Game\Player2.cpp(478,25): warning C4244: '=': conversion from 'float' to 'int', possible loss of data
D:\DuongGame\SDL_Game\Player2.cpp(479,45): warning C4244: '=': conversion from 'float' to 'int', possible loss of data
D:\DuongGame\SDL_Game\Player2.cpp(491,17): warning C4244: '=': conversion from 'int' to 'float', possible loss of data
D:\DuongGame\SDL_Game\Player2.cpp(512,23): warning C4244: '=': conversion from 'int' to 'float', possible loss of data
D:\DuongGame\SDL_Game\Player2.cpp(529,43): warning C4244: '=': conversion from 'int' to 'float', possible loss of data
  RoomImg.cpp
D:\DuongGame\SDL_Game\CommonFunc.h(68,2): warning C4091: 'typedef ': ignored on left of 'Input' when no variable is declared
  (compiling source file 'RoomImg.cpp')
  
D:\DuongGame\SDL_Game\CommonFunc.h(83,2): warning C4091: 'typedef ': ignored on left of 'Map' when no variable is declared
  (compiling source file 'RoomImg.cpp')
  
D:\DuongGame\SDL_Game\RoomImg.cpp(22,26): warning C4305: '+=': truncation from 'double' to 'float'
D:\DuongGame\SDL_Game\RoomImg.cpp(26,38): warning C4838: conversion from 'float' to 'int' requires a narrowing conversion
D:\DuongGame\SDL_Game\RoomImg.cpp(26,38): warning C4244: 'initializing': conversion from 'float' to 'int', possible loss of data
D:\DuongGame\SDL_Game\RoomImg.cpp(26,64): warning C4838: conversion from 'float' to 'int' requires a narrowing conversion
D:\DuongGame\SDL_Game\RoomImg.cpp(26,64): warning C4244: 'initializing': conversion from 'float' to 'int', possible loss of data
D:\DuongGame\SDL_Game\RoomImg.cpp(26,72): warning C4838: conversion from 'float' to 'int' requires a narrowing conversion
D:\DuongGame\SDL_Game\RoomImg.cpp(26,72): warning C4244: 'initializing': conversion from 'float' to 'int', possible loss of data
D:\DuongGame\SDL_Game\RoomImg.cpp(26,74): warning C4838: conversion from 'float' to 'int' requires a narrowing conversion
D:\DuongGame\SDL_Game\RoomImg.cpp(26,74): warning C4244: 'initializing': conversion from 'float' to 'int', possible loss of data
  Sound.cpp
D:\DuongGame\SDL_Game\CommonFunc.h(68,2): warning C4091: 'typedef ': ignored on left of 'Input' when no variable is declared
  (compiling source file 'Sound.cpp')
  
D:\DuongGame\SDL_Game\CommonFunc.h(83,2): warning C4091: 'typedef ': ignored on left of 'Map' when no variable is declared
  (compiling source file 'Sound.cpp')
  
  TextObject.cpp
D:\DuongGame\SDL_Game\CommonFunc.h(68,2): warning C4091: 'typedef ': ignored on left of 'Input' when no variable is declared
  (compiling source file 'TextObject.cpp')
  
D:\DuongGame\SDL_Game\CommonFunc.h(83,2): warning C4091: 'typedef ': ignored on left of 'Map' when no variable is declared
  (compiling source file 'TextObject.cpp')
  
  ThreatsObject.cpp
D:\DuongGame\SDL_Game\CommonFunc.h(68,2): warning C4091: 'typedef ': ignored on left of 'Input' when no variable is declared
  (compiling source file 'ThreatsObject.cpp')
  
D:\DuongGame\SDL_Game\CommonFunc.h(83,2): warning C4091: 'typedef ': ignored on left of 'Map' when no variable is declared
  (compiling source file 'ThreatsObject.cpp')
  
D:\DuongGame\SDL_Game\ThreatsObject.cpp(83,20): warning C4244: '=': conversion from 'float' to 'int', possible loss of data
D:\DuongGame\SDL_Game\ThreatsObject.cpp(84,20): warning C4244: '=': conversion from 'float' to 'int', possible loss of data
D:\DuongGame\SDL_Game\ThreatsObject.cpp(100,22): warning C4244: 'argument': conversion from 'time_t' to 'unsigned int', possible loss of data
D:\DuongGame\SDL_Game\ThreatsObject.cpp(166,33): warning C4305: '+=': truncation from 'double' to 'float'
D:\DuongGame\SDL_Game\ThreatsObject.cpp(225,25): warning C4244: '=': conversion from 'float' to 'int', possible loss of data
D:\DuongGame\SDL_Game\ThreatsObject.cpp(226,44): warning C4244: '=': conversion from 'float' to 'int', possible loss of data
D:\DuongGame\SDL_Game\ThreatsObject.cpp(228,16): warning C4244: '=': conversion from 'float' to 'int', possible loss of data
D:\DuongGame\SDL_Game\ThreatsObject.cpp(229,33): warning C4244: '=': conversion from 'float' to 'int', possible loss of data
D:\DuongGame\SDL_Game\ThreatsObject.cpp(242,17): warning C4244: '=': conversion from 'int' to 'float', possible loss of data
D:\DuongGame\SDL_Game\ThreatsObject.cpp(260,23): warning C4244: '=': conversion from 'int' to 'float', possible loss of data
D:\DuongGame\SDL_Game\ThreatsObject.cpp(279,16): warning C4244: '=': conversion from 'float' to 'int', possible loss of data
D:\DuongGame\SDL_Game\ThreatsObject.cpp(280,28): warning C4244: '=': conversion from 'float' to 'int', possible loss of data
D:\DuongGame\SDL_Game\ThreatsObject.cpp(282,25): warning C4244: '=': conversion from 'float' to 'int', possible loss of data
D:\DuongGame\SDL_Game\ThreatsObject.cpp(283,45): warning C4244: '=': conversion from 'float' to 'int', possible loss of data
D:\DuongGame\SDL_Game\ThreatsObject.cpp(296,17): warning C4244: '=': conversion from 'int' to 'float', possible loss of data
D:\DuongGame\SDL_Game\ThreatsObject.cpp(319,23): warning C4244: '=': conversion from 'int' to 'float', possible loss of data
D:\DuongGame\SDL_Game\ThreatsObject.cpp(336,43): warning C4244: '=': conversion from 'int' to 'float', possible loss of data
  game_map.cpp
D:\DuongGame\SDL_Game\CommonFunc.h(68,2): warning C4091: 'typedef ': ignored on left of 'Input' when no variable is declared
  (compiling source file 'game_map.cpp')
  
D:\DuongGame\SDL_Game\CommonFunc.h(83,2): warning C4091: 'typedef ': ignored on left of 'Map' when no variable is declared
  (compiling source file 'game_map.cpp')
  
  main.cpp
D:\DuongGame\SDL_Game\CommonFunc.h(68,2): warning C4091: 'typedef ': ignored on left of 'Input' when no variable is declared
  (compiling source file 'main.cpp')
  
D:\DuongGame\SDL_Game\CommonFunc.h(83,2): warning C4091: 'typedef ': ignored on left of 'Map' when no variable is declared
  (compiling source file 'main.cpp')
  
D:\DuongGame\SDL_Game\MainObject.h(61,12): warning C4244: '=': conversion from 'const int' to 'float', possible loss of data
  (compiling source file 'main.cpp')
  
D:\DuongGame\SDL_Game\MainObject.h(62,12): warning C4244: '=': conversion from 'const int' to 'float', possible loss of data
  (compiling source file 'main.cpp')
  
D:\DuongGame\SDL_Game\MainObject.h(65,44): warning C4244: '=': conversion from 'const int' to 'float', possible loss of data
  (compiling source file 'main.cpp')
  
D:\DuongGame\SDL_Game\MainObject.h(67,46): warning C4244: '=': conversion from 'const int' to 'float', possible loss of data
  (compiling source file 'main.cpp')
  
D:\DuongGame\SDL_Game\MainObject.h(68,26): warning C4244: 'return': conversion from 'float' to 'int', possible loss of data
  (compiling source file 'main.cpp')
  
D:\DuongGame\SDL_Game\MainObject.h(69,25): warning C4244: 'return': conversion from 'float' to 'int', possible loss of data
  (compiling source file 'main.cpp')
  
D:\DuongGame\SDL_Game\Player2.h(61,12): warning C4244: '=': conversion from 'const int' to 'float', possible loss of data
  (compiling source file 'main.cpp')
  
D:\DuongGame\SDL_Game\Player2.h(62,12): warning C4244: '=': conversion from 'const int' to 'float', possible loss of data
  (compiling source file 'main.cpp')
  
D:\DuongGame\SDL_Game\Player2.h(65,44): warning C4244: '=': conversion from 'const int' to 'float', possible loss of data
  (compiling source file 'main.cpp')
  
D:\DuongGame\SDL_Game\Player2.h(67,45): warning C4244: '=': conversion from 'const int' to 'float', possible loss of data
  (compiling source file 'main.cpp')
  
D:\DuongGame\SDL_Game\Player2.h(68,26): warning C4244: 'return': conversion from 'float' to 'int', possible loss of data
  (compiling source file 'main.cpp')
  
D:\DuongGame\SDL_Game\Player2.h(69,25): warning C4244: 'return': conversion from 'float' to 'int', possible loss of data
  (compiling source file 'main.cpp')
  
D:\DuongGame\SDL_Game\main.cpp(180,12): warning C4244: 'argument': conversion from 'time_t' to 'unsigned int', possible loss of data
D:\DuongGame\SDL_Game\main.cpp(739,36): warning C4244: '=': conversion from 'float' to 'int', possible loss of data
D:\DuongGame\SDL_Game\main.cpp(774,35): warning C4244: '=': conversion from 'float' to 'int', possible loss of data
D:\DuongGame\SDL_Game\main.cpp(845,36): warning C4244: '=': conversion from 'float' to 'int', possible loss of data
D:\DuongGame\SDL_Game\main.cpp(990,29): warning C4244: '=': conversion from 'int' to 'float', possible loss of data
D:\DuongGame\SDL_Game\main.cpp(991,29): warning C4244: '=': conversion from 'int' to 'float', possible loss of data
D:\DuongGame\SDL_Game\main.cpp(1128,32): warning C4244: '=': conversion from 'int' to 'float', possible loss of data
D:\DuongGame\SDL_Game\main.cpp(1129,32): warning C4244: '=': conversion from 'int' to 'float', possible loss of data
D:\DuongGame\SDL_Game\main.cpp(1429,32): warning C4244: 'argument': conversion from 'float' to 'const int', possible loss of data
D:\DuongGame\SDL_Game\main.cpp(1431,50): warning C4244: 'argument': conversion from 'float' to 'const int', possible loss of data
D:\DuongGame\SDL_Game\main.cpp(1436,32): warning C4244: 'argument': conversion from 'float' to 'const int', possible loss of data
D:\DuongGame\SDL_Game\main.cpp(1438,51): warning C4244: 'argument': conversion from 'float' to 'const int', possible loss of data
  Generating Code...
  SDL_Game.vcxproj -> D:\DuongGame\x64\Debug\SDL_Game.exe
