d:\demo_dương\sdl_game\x64\debug\vc143.pdb
d:\demo_dương\sdl_game\x64\debug\vc143.idb
d:\demo_dương\sdl_game\x64\debug\threatsobject.obj
d:\demo_dương\sdl_game\x64\debug\stdafx.obj
d:\demo_dương\sdl_game\x64\debug\playerpower.obj
d:\demo_dương\sdl_game\x64\debug\mainobject.obj
d:\demo_dương\sdl_game\x64\debug\main.obj
d:\demo_dương\sdl_game\x64\debug\imptimer.obj
d:\demo_dương\sdl_game\x64\debug\game_map.obj
d:\demo_dương\sdl_game\x64\debug\commonfunc.obj
d:\demo_dương\sdl_game\x64\debug\bulletobject.obj
d:\demo_dương\sdl_game\x64\debug\baseobject.obj
d:\demo_dương\x64\debug\sdl_game.pdb
d:\demo_dương\sdl_game\x64\debug\sdl_game.tlog\cl.command.1.tlog
d:\demo_dương\sdl_game\x64\debug\sdl_game.tlog\cl.read.1.tlog
d:\demo_dương\sdl_game\x64\debug\sdl_game.tlog\cl.write.1.tlog
d:\demo_dương\sdl_game\x64\debug\sdl_game.tlog\link-cvtres.read.1.tlog
d:\demo_dương\sdl_game\x64\debug\sdl_game.tlog\link-cvtres.write.1.tlog
d:\demo_dương\sdl_game\x64\debug\sdl_game.tlog\link-rc.read.1.tlog
d:\demo_dương\sdl_game\x64\debug\sdl_game.tlog\link-rc.write.1.tlog
d:\demo_dương\sdl_game\x64\debug\sdl_game.tlog\link.command.1.tlog
d:\demo_dương\sdl_game\x64\debug\sdl_game.tlog\link.read.1.tlog
d:\demo_dương\sdl_game\x64\debug\sdl_game.tlog\link.read.2.tlog
d:\demo_dương\sdl_game\x64\debug\sdl_game.tlog\link.read.3.tlog
d:\demo_dương\sdl_game\x64\debug\sdl_game.tlog\link.read.4.tlog
d:\demo_dương\sdl_game\x64\debug\sdl_game.tlog\link.write.1.tlog
